{"C:\\Users\\mukos\\Documents\\Robinhood\\src\\GoogleAuth.js": {"path":"C:\\Users\\mukos\\Documents\\Robinhood\\src\\GoogleAuth.js","statementMap":{"0":{"start":{"line":8,"column":23},"end":{"line":16,"column":1}},"1":{"start":{"line":19,"column":12},"end":{"line":19,"column":41}},"2":{"start":{"line":20,"column":13},"end":{"line":20,"column":25}},"3":{"start":{"line":21,"column":0},"end":{"line":21,"column":25}},"4":{"start":{"line":23,"column":11},"end":{"line":23,"column":24}},"5":{"start":{"line":24,"column":14},"end":{"line":24,"column":21}},"6":{"start":{"line":25,"column":17},"end":{"line":25,"column":41}},"7":{"start":{"line":27,"column":20},"end":{"line":27,"column":65}},"8":{"start":{"line":28,"column":0},"end":{"line":89,"column":3}},"9":{"start":{"line":29,"column":2},"end":{"line":88,"column":7}},"10":{"start":{"line":32,"column":19},"end":{"line":32,"column":30}},"11":{"start":{"line":33,"column":6},"end":{"line":33,"column":59}},"12":{"start":{"line":34,"column":16},"end":{"line":34,"column":24}},"13":{"start":{"line":37,"column":6},"end":{"line":81,"column":11}},"14":{"start":{"line":39,"column":10},"end":{"line":76,"column":11}},"15":{"start":{"line":40,"column":12},"end":{"line":45,"column":72}},"16":{"start":{"line":41,"column":14},"end":{"line":41,"column":38}},"17":{"start":{"line":42,"column":14},"end":{"line":42,"column":52}},"18":{"start":{"line":45,"column":12},"end":{"line":45,"column":71}},"19":{"start":{"line":48,"column":12},"end":{"line":75,"column":17}},"20":{"start":{"line":50,"column":16},"end":{"line":70,"column":17}},"21":{"start":{"line":51,"column":18},"end":{"line":64,"column":17}},"22":{"start":{"line":52,"column":20},"end":{"line":52,"column":44}},"23":{"start":{"line":53,"column":20},"end":{"line":53,"column":58}},"24":{"start":{"line":57,"column":18},"end":{"line":62,"column":19}},"25":{"start":{"line":58,"column":20},"end":{"line":58,"column":74}},"26":{"start":{"line":60,"column":23},"end":{"line":62,"column":19}},"27":{"start":{"line":61,"column":20},"end":{"line":61,"column":71}},"28":{"start":{"line":68,"column":18},"end":{"line":68,"column":49}},"29":{"start":{"line":69,"column":18},"end":{"line":69,"column":58}},"30":{"start":{"line":73,"column":16},"end":{"line":73,"column":68}},"31":{"start":{"line":79,"column":10},"end":{"line":79,"column":67}},"32":{"start":{"line":85,"column":24},"end":{"line":85,"column":34}},"33":{"start":{"line":86,"column":6},"end":{"line":86,"column":43}}},"fnMap":{"0":{"name":"(anonymous_0)","decl":{"start":{"line":28,"column":38},"end":{"line":28,"column":39}},"loc":{"start":{"line":28,"column":50},"end":{"line":89,"column":1}},"line":28},"1":{"name":"(anonymous_1)","decl":{"start":{"line":30,"column":10},"end":{"line":30,"column":11}},"loc":{"start":{"line":30,"column":22},"end":{"line":82,"column":5}},"line":30},"2":{"name":"(anonymous_2)","decl":{"start":{"line":38,"column":14},"end":{"line":38,"column":15}},"loc":{"start":{"line":38,"column":28},"end":{"line":77,"column":9}},"line":38},"3":{"name":"(anonymous_3)","decl":{"start":{"line":49,"column":20},"end":{"line":49,"column":21}},"loc":{"start":{"line":49,"column":34},"end":{"line":71,"column":15}},"line":49},"4":{"name":"(anonymous_4)","decl":{"start":{"line":72,"column":21},"end":{"line":72,"column":22}},"loc":{"start":{"line":72,"column":32},"end":{"line":75,"column":15}},"line":72},"5":{"name":"(anonymous_5)","decl":{"start":{"line":78,"column":15},"end":{"line":78,"column":16}},"loc":{"start":{"line":78,"column":26},"end":{"line":81,"column":9}},"line":78},"6":{"name":"(anonymous_6)","decl":{"start":{"line":83,"column":11},"end":{"line":83,"column":12}},"loc":{"start":{"line":83,"column":22},"end":{"line":88,"column":5}},"line":83}},"branchMap":{"0":{"loc":{"start":{"line":39,"column":10},"end":{"line":76,"column":11}},"type":"if","locations":[{"start":{"line":39,"column":10},"end":{"line":76,"column":11}},{"start":{"line":46,"column":17},"end":{"line":76,"column":11}}],"line":39},"1":{"loc":{"start":{"line":40,"column":12},"end":{"line":45,"column":72}},"type":"if","locations":[{"start":{"line":40,"column":12},"end":{"line":45,"column":72}},{"start":{"line":43,"column":17},"end":{"line":45,"column":72}}],"line":40},"2":{"loc":{"start":{"line":50,"column":16},"end":{"line":70,"column":17}},"type":"if","locations":[{"start":{"line":50,"column":16},"end":{"line":70,"column":17}},{"start":{"line":66,"column":23},"end":{"line":70,"column":17}}],"line":50},"3":{"loc":{"start":{"line":51,"column":18},"end":{"line":64,"column":17}},"type":"if","locations":[{"start":{"line":51,"column":18},"end":{"line":64,"column":17}},{"start":{"line":55,"column":22},"end":{"line":64,"column":17}}],"line":51},"4":{"loc":{"start":{"line":57,"column":18},"end":{"line":62,"column":19}},"type":"if","locations":[{"start":{"line":57,"column":18},"end":{"line":62,"column":19}},{"start":{"line":60,"column":23},"end":{"line":62,"column":19}}],"line":57},"5":{"loc":{"start":{"line":60,"column":23},"end":{"line":62,"column":19}},"type":"if","locations":[{"start":{"line":60,"column":23},"end":{"line":62,"column":19}},{"start":{},"end":{}}],"line":60}},"s":{"0":0,"1":0,"2":0,"3":0,"4":0,"5":0,"6":0,"7":0,"8":0,"9":0,"10":0,"11":0,"12":0,"13":0,"14":0,"15":0,"16":0,"17":0,"18":0,"19":0,"20":0,"21":0,"22":0,"23":0,"24":0,"25":0,"26":0,"27":0,"28":0,"29":0,"30":0,"31":0,"32":0,"33":0},"f":{"0":0,"1":0,"2":0,"3":0,"4":0,"5":0,"6":0},"b":{"0":[0,0],"1":[0,0],"2":[0,0],"3":[0,0],"4":[0,0],"5":[0,0]}}
,"C:\\Users\\mukos\\Documents\\Robinhood\\src\\Event\\student.js": {"path":"C:\\Users\\mukos\\Documents\\Robinhood\\src\\Event\\student.js","statementMap":{},"fnMap":{},"branchMap":{},"s":{},"f":{},"b":{}}
,"C:\\Users\\mukos\\Documents\\Robinhood\\src\\Sprint\\student.js": {"path":"C:\\Users\\mukos\\Documents\\Robinhood\\src\\Sprint\\student.js","statementMap":{},"fnMap":{},"branchMap":{},"s":{},"f":{},"b":{}}
,"C:\\Users\\mukos\\Documents\\Robinhood\\src\\admin\\scripto.js": {"path":"C:\\Users\\mukos\\Documents\\Robinhood\\src\\admin\\scripto.js","statementMap":{"0":{"start":{"line":5,"column":23},"end":{"line":13,"column":3}},"1":{"start":{"line":17,"column":20},"end":{"line":17,"column":49}},"2":{"start":{"line":18,"column":11},"end":{"line":18,"column":35}},"3":{"start":{"line":19,"column":32},"end":{"line":19,"column":68}},"4":{"start":{"line":23,"column":20},"end":{"line":23,"column":47}},"5":{"start":{"line":24,"column":4},"end":{"line":28,"column":5}},"6":{"start":{"line":25,"column":8},"end":{"line":27,"column":9}},"7":{"start":{"line":26,"column":12},"end":{"line":26,"column":55}},"8":{"start":{"line":29,"column":4},"end":{"line":31,"column":5}},"9":{"start":{"line":30,"column":8},"end":{"line":30,"column":38}},"10":{"start":{"line":32,"column":4},"end":{"line":32,"column":19}},"11":{"start":{"line":37,"column":4},"end":{"line":41,"column":5}},"12":{"start":{"line":38,"column":8},"end":{"line":38,"column":40}},"13":{"start":{"line":40,"column":8},"end":{"line":40,"column":39}},"14":{"start":{"line":46,"column":24},"end":{"line":46,"column":75}},"15":{"start":{"line":47,"column":4},"end":{"line":47,"column":31}},"16":{"start":{"line":49,"column":4},"end":{"line":79,"column":7}},"17":{"start":{"line":50,"column":25},"end":{"line":50,"column":44}},"18":{"start":{"line":52,"column":22},"end":{"line":52,"column":91}},"19":{"start":{"line":53,"column":8},"end":{"line":56,"column":11}},"20":{"start":{"line":54,"column":28},"end":{"line":54,"column":62}},"21":{"start":{"line":55,"column":12},"end":{"line":55,"column":35}},"22":{"start":{"line":58,"column":24},"end":{"line":58,"column":91}},"23":{"start":{"line":59,"column":8},"end":{"line":59,"column":114}},"24":{"start":{"line":60,"column":8},"end":{"line":60,"column":112}},"25":{"start":{"line":61,"column":8},"end":{"line":61,"column":108}},"26":{"start":{"line":63,"column":30},"end":{"line":63,"column":70}},"27":{"start":{"line":64,"column":8},"end":{"line":66,"column":11}},"28":{"start":{"line":65,"column":12},"end":{"line":65,"column":54}},"29":{"start":{"line":68,"column":29},"end":{"line":68,"column":68}},"30":{"start":{"line":69,"column":8},"end":{"line":71,"column":11}},"31":{"start":{"line":70,"column":12},"end":{"line":70,"column":53}},"32":{"start":{"line":73,"column":8},"end":{"line":73,"column":43}},"33":{"start":{"line":74,"column":8},"end":{"line":74,"column":42}},"34":{"start":{"line":76,"column":8},"end":{"line":76,"column":36}},"35":{"start":{"line":77,"column":8},"end":{"line":77,"column":38}},"36":{"start":{"line":78,"column":8},"end":{"line":78,"column":42}},"37":{"start":{"line":84,"column":4},"end":{"line":100,"column":5}},"38":{"start":{"line":85,"column":27},"end":{"line":85,"column":69}},"39":{"start":{"line":86,"column":25},"end":{"line":86,"column":46}},"40":{"start":{"line":87,"column":8},"end":{"line":97,"column":9}},"41":{"start":{"line":88,"column":32},"end":{"line":88,"column":46}},"42":{"start":{"line":89,"column":12},"end":{"line":93,"column":13}},"43":{"start":{"line":90,"column":16},"end":{"line":90,"column":97}},"44":{"start":{"line":92,"column":16},"end":{"line":92,"column":77}},"45":{"start":{"line":94,"column":12},"end":{"line":94,"column":61}},"46":{"start":{"line":96,"column":12},"end":{"line":96,"column":64}},"47":{"start":{"line":99,"column":8},"end":{"line":99,"column":69}},"48":{"start":{"line":104,"column":4},"end":{"line":120,"column":5}},"49":{"start":{"line":105,"column":27},"end":{"line":105,"column":69}},"50":{"start":{"line":106,"column":25},"end":{"line":106,"column":46}},"51":{"start":{"line":107,"column":8},"end":{"line":117,"column":9}},"52":{"start":{"line":108,"column":32},"end":{"line":108,"column":46}},"53":{"start":{"line":109,"column":12},"end":{"line":113,"column":13}},"54":{"start":{"line":110,"column":16},"end":{"line":110,"column":97}},"55":{"start":{"line":112,"column":16},"end":{"line":112,"column":77}},"56":{"start":{"line":114,"column":12},"end":{"line":114,"column":61}},"57":{"start":{"line":116,"column":12},"end":{"line":116,"column":64}},"58":{"start":{"line":119,"column":8},"end":{"line":119,"column":69}},"59":{"start":{"line":123,"column":0},"end":{"line":134,"column":3}},"60":{"start":{"line":124,"column":33},"end":{"line":124,"column":35}},"61":{"start":{"line":125,"column":4},"end":{"line":130,"column":7}},"62":{"start":{"line":126,"column":8},"end":{"line":129,"column":11}},"63":{"start":{"line":131,"column":4},"end":{"line":131,"column":54}}},"fnMap":{"0":{"name":"createElement","decl":{"start":{"line":22,"column":9},"end":{"line":22,"column":22}},"loc":{"start":{"line":22,"column":51},"end":{"line":33,"column":1}},"line":22},"1":{"name":"toggleDetails","decl":{"start":{"line":36,"column":9},"end":{"line":36,"column":22}},"loc":{"start":{"line":36,"column":32},"end":{"line":42,"column":1}},"line":36},"2":{"name":"displayFundingOpportunities","decl":{"start":{"line":45,"column":9},"end":{"line":45,"column":36}},"loc":{"start":{"line":45,"column":59},"end":{"line":80,"column":1}},"line":45},"3":{"name":"(anonymous_3)","decl":{"start":{"line":49,"column":33},"end":{"line":49,"column":34}},"loc":{"start":{"line":49,"column":50},"end":{"line":79,"column":5}},"line":49},"4":{"name":"(anonymous_4)","decl":{"start":{"line":53,"column":40},"end":{"line":53,"column":41}},"loc":{"start":{"line":53,"column":46},"end":{"line":56,"column":9}},"line":53},"5":{"name":"(anonymous_5)","decl":{"start":{"line":64,"column":48},"end":{"line":64,"column":49}},"loc":{"start":{"line":64,"column":54},"end":{"line":66,"column":9}},"line":64},"6":{"name":"(anonymous_6)","decl":{"start":{"line":69,"column":47},"end":{"line":69,"column":48}},"loc":{"start":{"line":69,"column":53},"end":{"line":71,"column":9}},"line":69},"7":{"name":"rejectFundingOpportunity","decl":{"start":{"line":83,"column":15},"end":{"line":83,"column":39}},"loc":{"start":{"line":83,"column":44},"end":{"line":101,"column":1}},"line":83},"8":{"name":"approveFundingOpportunity","decl":{"start":{"line":103,"column":15},"end":{"line":103,"column":40}},"loc":{"start":{"line":103,"column":45},"end":{"line":121,"column":1}},"line":103},"9":{"name":"(anonymous_9)","decl":{"start":{"line":123,"column":33},"end":{"line":123,"column":34}},"loc":{"start":{"line":123,"column":47},"end":{"line":132,"column":1}},"line":123},"10":{"name":"(anonymous_10)","decl":{"start":{"line":125,"column":21},"end":{"line":125,"column":22}},"loc":{"start":{"line":125,"column":40},"end":{"line":130,"column":5}},"line":125}},"branchMap":{"0":{"loc":{"start":{"line":24,"column":4},"end":{"line":28,"column":5}},"type":"if","locations":[{"start":{"line":24,"column":4},"end":{"line":28,"column":5}},{"start":{},"end":{}}],"line":24},"1":{"loc":{"start":{"line":29,"column":4},"end":{"line":31,"column":5}},"type":"if","locations":[{"start":{"line":29,"column":4},"end":{"line":31,"column":5}},{"start":{},"end":{}}],"line":29},"2":{"loc":{"start":{"line":37,"column":4},"end":{"line":41,"column":5}},"type":"if","locations":[{"start":{"line":37,"column":4},"end":{"line":41,"column":5}},{"start":{"line":39,"column":11},"end":{"line":41,"column":5}}],"line":37},"3":{"loc":{"start":{"line":87,"column":8},"end":{"line":97,"column":9}},"type":"if","locations":[{"start":{"line":87,"column":8},"end":{"line":97,"column":9}},{"start":{"line":95,"column":15},"end":{"line":97,"column":9}}],"line":87},"4":{"loc":{"start":{"line":89,"column":12},"end":{"line":93,"column":13}},"type":"if","locations":[{"start":{"line":89,"column":12},"end":{"line":93,"column":13}},{"start":{"line":91,"column":19},"end":{"line":93,"column":13}}],"line":89},"5":{"loc":{"start":{"line":107,"column":8},"end":{"line":117,"column":9}},"type":"if","locations":[{"start":{"line":107,"column":8},"end":{"line":117,"column":9}},{"start":{"line":115,"column":15},"end":{"line":117,"column":9}}],"line":107},"6":{"loc":{"start":{"line":109,"column":12},"end":{"line":113,"column":13}},"type":"if","locations":[{"start":{"line":109,"column":12},"end":{"line":113,"column":13}},{"start":{"line":111,"column":19},"end":{"line":113,"column":13}}],"line":109}},"s":{"0":0,"1":0,"2":0,"3":0,"4":0,"5":0,"6":0,"7":0,"8":0,"9":0,"10":0,"11":0,"12":0,"13":0,"14":0,"15":0,"16":0,"17":0,"18":0,"19":0,"20":0,"21":0,"22":0,"23":0,"24":0,"25":0,"26":0,"27":0,"28":0,"29":0,"30":0,"31":0,"32":0,"33":0,"34":0,"35":0,"36":0,"37":0,"38":0,"39":0,"40":0,"41":0,"42":0,"43":0,"44":0,"45":0,"46":0,"47":0,"48":0,"49":0,"50":0,"51":0,"52":0,"53":0,"54":0,"55":0,"56":0,"57":0,"58":0,"59":0,"60":0,"61":0,"62":0,"63":0},"f":{"0":0,"1":0,"2":0,"3":0,"4":0,"5":0,"6":0,"7":0,"8":0,"9":0,"10":0},"b":{"0":[0,0],"1":[0,0],"2":[0,0],"3":[0,0],"4":[0,0],"5":[0,0],"6":[0,0]}}
,"C:\\Users\\mukos\\Documents\\Robinhood\\src\\fundManager\\checkStatus.js": {"path":"C:\\Users\\mukos\\Documents\\Robinhood\\src\\fundManager\\checkStatus.js","statementMap":{"0":{"start":{"line":6,"column":23},"end":{"line":14,"column":3}},"1":{"start":{"line":17,"column":20},"end":{"line":17,"column":49}},"2":{"start":{"line":18,"column":11},"end":{"line":18,"column":35}},"3":{"start":{"line":19,"column":32},"end":{"line":19,"column":68}},"4":{"start":{"line":22,"column":4},"end":{"line":34,"column":5}},"5":{"start":{"line":23,"column":38},"end":{"line":28,"column":9}},"6":{"start":{"line":30,"column":25},"end":{"line":30,"column":83}},"7":{"start":{"line":31,"column":8},"end":{"line":31,"column":70}},"8":{"start":{"line":33,"column":8},"end":{"line":33,"column":68}},"9":{"start":{"line":38,"column":4},"end":{"line":52,"column":5}},"10":{"start":{"line":39,"column":25},"end":{"line":39,"column":59}},"11":{"start":{"line":40,"column":8},"end":{"line":49,"column":9}},"12":{"start":{"line":41,"column":41},"end":{"line":41,"column":55}},"13":{"start":{"line":42,"column":45},"end":{"line":42,"column":96}},"14":{"start":{"line":43,"column":12},"end":{"line":43,"column":52}},"15":{"start":{"line":44,"column":12},"end":{"line":46,"column":13}},"16":{"start":{"line":45,"column":16},"end":{"line":45,"column":66}},"17":{"start":{"line":48,"column":12},"end":{"line":48,"column":59}},"18":{"start":{"line":51,"column":8},"end":{"line":51,"column":70}},"19":{"start":{"line":56,"column":4},"end":{"line":75,"column":5}},"20":{"start":{"line":57,"column":19},"end":{"line":57,"column":61}},"21":{"start":{"line":58,"column":20},"end":{"line":58,"column":28}},"22":{"start":{"line":60,"column":25},"end":{"line":60,"column":59}},"23":{"start":{"line":61,"column":8},"end":{"line":72,"column":9}},"24":{"start":{"line":62,"column":41},"end":{"line":62,"column":55}},"25":{"start":{"line":63,"column":45},"end":{"line":63,"column":96}},"26":{"start":{"line":64,"column":12},"end":{"line":64,"column":52}},"27":{"start":{"line":65,"column":12},"end":{"line":69,"column":13}},"28":{"start":{"line":66,"column":16},"end":{"line":68,"column":17}},"29":{"start":{"line":67,"column":20},"end":{"line":67,"column":70}},"30":{"start":{"line":71,"column":12},"end":{"line":71,"column":59}},"31":{"start":{"line":74,"column":8},"end":{"line":74,"column":70}},"32":{"start":{"line":79,"column":4},"end":{"line":97,"column":5}},"33":{"start":{"line":80,"column":19},"end":{"line":80,"column":61}},"34":{"start":{"line":81,"column":20},"end":{"line":81,"column":28}},"35":{"start":{"line":82,"column":25},"end":{"line":82,"column":59}},"36":{"start":{"line":83,"column":8},"end":{"line":94,"column":9}},"37":{"start":{"line":84,"column":41},"end":{"line":84,"column":55}},"38":{"start":{"line":85,"column":45},"end":{"line":85,"column":96}},"39":{"start":{"line":86,"column":12},"end":{"line":86,"column":52}},"40":{"start":{"line":87,"column":12},"end":{"line":91,"column":13}},"41":{"start":{"line":88,"column":16},"end":{"line":90,"column":17}},"42":{"start":{"line":89,"column":20},"end":{"line":89,"column":70}},"43":{"start":{"line":93,"column":12},"end":{"line":93,"column":59}},"44":{"start":{"line":96,"column":8},"end":{"line":96,"column":70}},"45":{"start":{"line":103,"column":24},"end":{"line":103,"column":75}},"46":{"start":{"line":104,"column":25},"end":{"line":104,"column":90}},"47":{"start":{"line":105,"column":4},"end":{"line":116,"column":5}},"48":{"start":{"line":106,"column":8},"end":{"line":106,"column":60}},"49":{"start":{"line":108,"column":25},"end":{"line":108,"column":53}},"50":{"start":{"line":109,"column":8},"end":{"line":109,"column":56}},"51":{"start":{"line":110,"column":8},"end":{"line":110,"column":64}},"52":{"start":{"line":111,"column":8},"end":{"line":111,"column":59}},"53":{"start":{"line":112,"column":8},"end":{"line":114,"column":11}},"54":{"start":{"line":113,"column":12},"end":{"line":113,"column":72}},"55":{"start":{"line":115,"column":8},"end":{"line":115,"column":42}},"56":{"start":{"line":120,"column":69},"end":{"line":120,"column":87}},"57":{"start":{"line":121,"column":30},"end":{"line":121,"column":83}},"58":{"start":{"line":122,"column":4},"end":{"line":122,"column":37}},"59":{"start":{"line":124,"column":17},"end":{"line":124,"column":47}},"60":{"start":{"line":125,"column":4},"end":{"line":125,"column":45}},"61":{"start":{"line":127,"column":23},"end":{"line":127,"column":73}},"62":{"start":{"line":128,"column":29},"end":{"line":128,"column":101}},"63":{"start":{"line":129,"column":26},"end":{"line":129,"column":85}},"64":{"start":{"line":130,"column":28},"end":{"line":130,"column":93}},"65":{"start":{"line":133,"column":24},"end":{"line":133,"column":90}},"66":{"start":{"line":135,"column":25},"end":{"line":135,"column":57}},"67":{"start":{"line":136,"column":4},"end":{"line":136,"column":33}},"68":{"start":{"line":137,"column":4},"end":{"line":137,"column":60}},"69":{"start":{"line":139,"column":25},"end":{"line":139,"column":57}},"70":{"start":{"line":140,"column":4},"end":{"line":140,"column":33}},"71":{"start":{"line":141,"column":4},"end":{"line":141,"column":60}},"72":{"start":{"line":142,"column":4},"end":{"line":144,"column":7}},"73":{"start":{"line":143,"column":8},"end":{"line":143,"column":43}},"74":{"start":{"line":146,"column":4},"end":{"line":146,"column":33}},"75":{"start":{"line":147,"column":4},"end":{"line":147,"column":39}},"76":{"start":{"line":148,"column":4},"end":{"line":148,"column":36}},"77":{"start":{"line":149,"column":4},"end":{"line":149,"column":38}},"78":{"start":{"line":150,"column":4},"end":{"line":150,"column":34}},"79":{"start":{"line":153,"column":4},"end":{"line":155,"column":5}},"80":{"start":{"line":154,"column":8},"end":{"line":154,"column":39}},"81":{"start":{"line":157,"column":4},"end":{"line":159,"column":5}},"82":{"start":{"line":158,"column":8},"end":{"line":158,"column":39}},"83":{"start":{"line":161,"column":4},"end":{"line":161,"column":35}},"84":{"start":{"line":163,"column":4},"end":{"line":163,"column":40}},"85":{"start":{"line":165,"column":4},"end":{"line":182,"column":7}},"86":{"start":{"line":166,"column":8},"end":{"line":166,"column":31}},"87":{"start":{"line":167,"column":29},"end":{"line":167,"column":67}},"88":{"start":{"line":168,"column":35},"end":{"line":168,"column":79}},"89":{"start":{"line":169,"column":32},"end":{"line":169,"column":73}},"90":{"start":{"line":170,"column":34},"end":{"line":170,"column":77}},"91":{"start":{"line":171,"column":8},"end":{"line":176,"column":11}},"92":{"start":{"line":177,"column":28},"end":{"line":177,"column":79}},"93":{"start":{"line":178,"column":25},"end":{"line":178,"column":71}},"94":{"start":{"line":179,"column":8},"end":{"line":181,"column":9}},"95":{"start":{"line":180,"column":12},"end":{"line":180,"column":48}},"96":{"start":{"line":187,"column":4},"end":{"line":193,"column":5}},"97":{"start":{"line":188,"column":27},"end":{"line":188,"column":69}},"98":{"start":{"line":189,"column":8},"end":{"line":189,"column":46}},"99":{"start":{"line":190,"column":8},"end":{"line":190,"column":64}},"100":{"start":{"line":192,"column":8},"end":{"line":192,"column":68}},"101":{"start":{"line":198,"column":4},"end":{"line":204,"column":5}},"102":{"start":{"line":199,"column":27},"end":{"line":199,"column":69}},"103":{"start":{"line":200,"column":8},"end":{"line":200,"column":36}},"104":{"start":{"line":201,"column":8},"end":{"line":201,"column":51}},"105":{"start":{"line":203,"column":8},"end":{"line":203,"column":68}},"106":{"start":{"line":208,"column":16},"end":{"line":208,"column":45}},"107":{"start":{"line":209,"column":18},"end":{"line":209,"column":84}},"108":{"start":{"line":210,"column":4},"end":{"line":210,"column":18}},"109":{"start":{"line":211,"column":4},"end":{"line":211,"column":20}},"110":{"start":{"line":212,"column":4},"end":{"line":214,"column":5}},"111":{"start":{"line":213,"column":8},"end":{"line":213,"column":26}},"112":{"start":{"line":215,"column":4},"end":{"line":215,"column":30}},"113":{"start":{"line":216,"column":4},"end":{"line":216,"column":26}},"114":{"start":{"line":218,"column":23},"end":{"line":218,"column":54}},"115":{"start":{"line":219,"column":4},"end":{"line":219,"column":35}},"116":{"start":{"line":220,"column":4},"end":{"line":220,"column":28}},"117":{"start":{"line":222,"column":4},"end":{"line":222,"column":32}},"118":{"start":{"line":223,"column":4},"end":{"line":223,"column":27}},"119":{"start":{"line":225,"column":4},"end":{"line":225,"column":15}},"120":{"start":{"line":227,"column":0},"end":{"line":237,"column":3}},"121":{"start":{"line":228,"column":27},"end":{"line":228,"column":78}},"122":{"start":{"line":230,"column":4},"end":{"line":236,"column":5}},"123":{"start":{"line":231,"column":8},"end":{"line":231,"column":53}},"124":{"start":{"line":232,"column":11},"end":{"line":236,"column":5}},"125":{"start":{"line":233,"column":8},"end":{"line":233,"column":54}},"126":{"start":{"line":235,"column":8},"end":{"line":235,"column":47}}},"fnMap":{"0":{"name":"createFundingOpportunity","decl":{"start":{"line":21,"column":15},"end":{"line":21,"column":39}},"loc":{"start":{"line":21,"column":82},"end":{"line":35,"column":1}},"line":21},"1":{"name":"displayAllFundingOpportunities","decl":{"start":{"line":37,"column":15},"end":{"line":37,"column":45}},"loc":{"start":{"line":37,"column":48},"end":{"line":53,"column":1}},"line":37},"2":{"name":"displaySubmittedFundingOpportunities","decl":{"start":{"line":55,"column":15},"end":{"line":55,"column":51}},"loc":{"start":{"line":55,"column":54},"end":{"line":76,"column":1}},"line":55},"3":{"name":"displayInProgressFundingOpportunities","decl":{"start":{"line":78,"column":15},"end":{"line":78,"column":52}},"loc":{"start":{"line":78,"column":55},"end":{"line":98,"column":1}},"line":78},"4":{"name":"displayFundingOpportunity","decl":{"start":{"line":102,"column":15},"end":{"line":102,"column":40}},"loc":{"start":{"line":102,"column":61},"end":{"line":117,"column":1}},"line":102},"5":{"name":"(anonymous_5)","decl":{"start":{"line":112,"column":43},"end":{"line":112,"column":44}},"loc":{"start":{"line":112,"column":55},"end":{"line":114,"column":9}},"line":112},"6":{"name":"displayDetailedFundingOpportunity","decl":{"start":{"line":119,"column":15},"end":{"line":119,"column":48}},"loc":{"start":{"line":119,"column":69},"end":{"line":183,"column":1}},"line":119},"7":{"name":"(anonymous_7)","decl":{"start":{"line":142,"column":43},"end":{"line":142,"column":44}},"loc":{"start":{"line":142,"column":55},"end":{"line":144,"column":5}},"line":142},"8":{"name":"(anonymous_8)","decl":{"start":{"line":165,"column":36},"end":{"line":165,"column":37}},"loc":{"start":{"line":165,"column":53},"end":{"line":182,"column":5}},"line":165},"9":{"name":"updateFundingOpportunity","decl":{"start":{"line":186,"column":15},"end":{"line":186,"column":39}},"loc":{"start":{"line":186,"column":57},"end":{"line":194,"column":1}},"line":186},"10":{"name":"deleteFundingOpportunity","decl":{"start":{"line":197,"column":15},"end":{"line":197,"column":39}},"loc":{"start":{"line":197,"column":44},"end":{"line":205,"column":1}},"line":197},"11":{"name":"createInputField","decl":{"start":{"line":207,"column":9},"end":{"line":207,"column":25}},"loc":{"start":{"line":207,"column":50},"end":{"line":226,"column":1}},"line":207},"12":{"name":"(anonymous_12)","decl":{"start":{"line":227,"column":73},"end":{"line":227,"column":74}},"loc":{"start":{"line":227,"column":85},"end":{"line":237,"column":1}},"line":227}},"branchMap":{"0":{"loc":{"start":{"line":40,"column":8},"end":{"line":49,"column":9}},"type":"if","locations":[{"start":{"line":40,"column":8},"end":{"line":49,"column":9}},{"start":{"line":47,"column":15},"end":{"line":49,"column":9}}],"line":40},"1":{"loc":{"start":{"line":44,"column":59},"end":{"line":44,"column":85}},"type":"binary-expr","locations":[{"start":{"line":44,"column":59},"end":{"line":44,"column":79}},{"start":{"line":44,"column":83},"end":{"line":44,"column":85}}],"line":44},"2":{"loc":{"start":{"line":61,"column":8},"end":{"line":72,"column":9}},"type":"if","locations":[{"start":{"line":61,"column":8},"end":{"line":72,"column":9}},{"start":{"line":70,"column":15},"end":{"line":72,"column":9}}],"line":61},"3":{"loc":{"start":{"line":65,"column":59},"end":{"line":65,"column":85}},"type":"binary-expr","locations":[{"start":{"line":65,"column":59},"end":{"line":65,"column":79}},{"start":{"line":65,"column":83},"end":{"line":65,"column":85}}],"line":65},"4":{"loc":{"start":{"line":66,"column":16},"end":{"line":68,"column":17}},"type":"if","locations":[{"start":{"line":66,"column":16},"end":{"line":68,"column":17}},{"start":{},"end":{}}],"line":66},"5":{"loc":{"start":{"line":66,"column":20},"end":{"line":66,"column":141}},"type":"binary-expr","locations":[{"start":{"line":66,"column":20},"end":{"line":66,"column":38}},{"start":{"line":66,"column":43},"end":{"line":66,"column":76}},{"start":{"line":66,"column":80},"end":{"line":66,"column":113}},{"start":{"line":66,"column":118},"end":{"line":66,"column":141}}],"line":66},"6":{"loc":{"start":{"line":83,"column":8},"end":{"line":94,"column":9}},"type":"if","locations":[{"start":{"line":83,"column":8},"end":{"line":94,"column":9}},{"start":{"line":92,"column":15},"end":{"line":94,"column":9}}],"line":83},"7":{"loc":{"start":{"line":87,"column":59},"end":{"line":87,"column":85}},"type":"binary-expr","locations":[{"start":{"line":87,"column":59},"end":{"line":87,"column":79}},{"start":{"line":87,"column":83},"end":{"line":87,"column":85}}],"line":87},"8":{"loc":{"start":{"line":88,"column":16},"end":{"line":90,"column":17}},"type":"if","locations":[{"start":{"line":88,"column":16},"end":{"line":90,"column":17}},{"start":{},"end":{}}],"line":88},"9":{"loc":{"start":{"line":88,"column":20},"end":{"line":88,"column":65}},"type":"binary-expr","locations":[{"start":{"line":88,"column":20},"end":{"line":88,"column":39}},{"start":{"line":88,"column":43},"end":{"line":88,"column":65}}],"line":88},"10":{"loc":{"start":{"line":105,"column":4},"end":{"line":116,"column":5}},"type":"if","locations":[{"start":{"line":105,"column":4},"end":{"line":116,"column":5}},{"start":{"line":107,"column":11},"end":{"line":116,"column":5}}],"line":105},"11":{"loc":{"start":{"line":133,"column":70},"end":{"line":133,"column":89}},"type":"binary-expr","locations":[{"start":{"line":133,"column":70},"end":{"line":133,"column":76}},{"start":{"line":133,"column":80},"end":{"line":133,"column":89}}],"line":133},"12":{"loc":{"start":{"line":153,"column":4},"end":{"line":155,"column":5}},"type":"if","locations":[{"start":{"line":153,"column":4},"end":{"line":155,"column":5}},{"start":{},"end":{}}],"line":153},"13":{"loc":{"start":{"line":157,"column":4},"end":{"line":159,"column":5}},"type":"if","locations":[{"start":{"line":157,"column":4},"end":{"line":159,"column":5}},{"start":{},"end":{}}],"line":157},"14":{"loc":{"start":{"line":157,"column":8},"end":{"line":157,"column":43}},"type":"binary-expr","locations":[{"start":{"line":157,"column":8},"end":{"line":157,"column":32}},{"start":{"line":157,"column":36},"end":{"line":157,"column":43}}],"line":157},"15":{"loc":{"start":{"line":179,"column":8},"end":{"line":181,"column":9}},"type":"if","locations":[{"start":{"line":179,"column":8},"end":{"line":181,"column":9}},{"start":{},"end":{}}],"line":179},"16":{"loc":{"start":{"line":209,"column":41},"end":{"line":209,"column":83}},"type":"cond-expr","locations":[{"start":{"line":209,"column":63},"end":{"line":209,"column":73}},{"start":{"line":209,"column":76},"end":{"line":209,"column":83}}],"line":209},"17":{"loc":{"start":{"line":212,"column":4},"end":{"line":214,"column":5}},"type":"if","locations":[{"start":{"line":212,"column":4},"end":{"line":214,"column":5}},{"start":{},"end":{}}],"line":212},"18":{"loc":{"start":{"line":215,"column":18},"end":{"line":215,"column":29}},"type":"binary-expr","locations":[{"start":{"line":215,"column":18},"end":{"line":215,"column":23}},{"start":{"line":215,"column":27},"end":{"line":215,"column":29}}],"line":215},"19":{"loc":{"start":{"line":230,"column":4},"end":{"line":236,"column":5}},"type":"if","locations":[{"start":{"line":230,"column":4},"end":{"line":236,"column":5}},{"start":{"line":232,"column":11},"end":{"line":236,"column":5}}],"line":230},"20":{"loc":{"start":{"line":232,"column":11},"end":{"line":236,"column":5}},"type":"if","locations":[{"start":{"line":232,"column":11},"end":{"line":236,"column":5}},{"start":{"line":234,"column":11},"end":{"line":236,"column":5}}],"line":232}},"s":{"0":0,"1":0,"2":0,"3":0,"4":0,"5":0,"6":0,"7":0,"8":0,"9":0,"10":0,"11":0,"12":0,"13":0,"14":0,"15":0,"16":0,"17":0,"18":0,"19":0,"20":0,"21":0,"22":0,"23":0,"24":0,"25":0,"26":0,"27":0,"28":0,"29":0,"30":0,"31":0,"32":0,"33":0,"34":0,"35":0,"36":0,"37":0,"38":0,"39":0,"40":0,"41":0,"42":0,"43":0,"44":0,"45":0,"46":0,"47":0,"48":0,"49":0,"50":0,"51":0,"52":0,"53":0,"54":0,"55":0,"56":0,"57":0,"58":0,"59":0,"60":0,"61":0,"62":0,"63":0,"64":0,"65":0,"66":0,"67":0,"68":0,"69":0,"70":0,"71":0,"72":0,"73":0,"74":0,"75":0,"76":0,"77":0,"78":0,"79":0,"80":0,"81":0,"82":0,"83":0,"84":0,"85":0,"86":0,"87":0,"88":0,"89":0,"90":0,"91":0,"92":0,"93":0,"94":0,"95":0,"96":0,"97":0,"98":0,"99":0,"100":0,"101":0,"102":0,"103":0,"104":0,"105":0,"106":0,"107":0,"108":0,"109":0,"110":0,"111":0,"112":0,"113":0,"114":0,"115":0,"116":0,"117":0,"118":0,"119":0,"120":0,"121":0,"122":0,"123":0,"124":0,"125":0,"126":0},"f":{"0":0,"1":0,"2":0,"3":0,"4":0,"5":0,"6":0,"7":0,"8":0,"9":0,"10":0,"11":0,"12":0},"b":{"0":[0,0],"1":[0,0],"2":[0,0],"3":[0,0],"4":[0,0],"5":[0,0,0,0],"6":[0,0],"7":[0,0],"8":[0,0],"9":[0,0],"10":[0,0],"11":[0,0],"12":[0,0],"13":[0,0],"14":[0,0],"15":[0,0],"16":[0,0],"17":[0,0],"18":[0,0],"19":[0,0],"20":[0,0]}}
,"C:\\Users\\mukos\\Documents\\Robinhood\\src\\fundManager\\createFundingOpportunity.js": {"path":"C:\\Users\\mukos\\Documents\\Robinhood\\src\\fundManager\\createFundingOpportunity.js","statementMap":{"0":{"start":{"line":4,"column":23},"end":{"line":12,"column":3}},"1":{"start":{"line":17,"column":20},"end":{"line":17,"column":49}},"2":{"start":{"line":18,"column":11},"end":{"line":18,"column":35}},"3":{"start":{"line":19,"column":32},"end":{"line":19,"column":68}},"4":{"start":{"line":22,"column":4},"end":{"line":36,"column":5}},"5":{"start":{"line":23,"column":38},"end":{"line":29,"column":9}},"6":{"start":{"line":31,"column":30},"end":{"line":31,"column":59}},"7":{"start":{"line":32,"column":8},"end":{"line":32,"column":56}},"8":{"start":{"line":33,"column":8},"end":{"line":33,"column":75}},"9":{"start":{"line":35,"column":8},"end":{"line":35,"column":68}},"10":{"start":{"line":40,"column":4},"end":{"line":40,"column":27}},"11":{"start":{"line":41,"column":18},"end":{"line":41,"column":52}},"12":{"start":{"line":42,"column":24},"end":{"line":42,"column":64}},"13":{"start":{"line":43,"column":21},"end":{"line":43,"column":58}},"14":{"start":{"line":44,"column":23},"end":{"line":44,"column":62}},"15":{"start":{"line":47,"column":15},"end":{"line":47,"column":57}},"16":{"start":{"line":48,"column":16},"end":{"line":48,"column":24}},"17":{"start":{"line":50,"column":4},"end":{"line":50,"column":82}},"18":{"start":{"line":55,"column":4},"end":{"line":55,"column":49}},"19":{"start":{"line":60,"column":4},"end":{"line":60,"column":49}}},"fnMap":{"0":{"name":"createFundingOpportunity","decl":{"start":{"line":21,"column":22},"end":{"line":21,"column":46}},"loc":{"start":{"line":21,"column":94},"end":{"line":37,"column":1}},"line":21},"1":{"name":"handleSubmit","decl":{"start":{"line":39,"column":22},"end":{"line":39,"column":34}},"loc":{"start":{"line":39,"column":48},"end":{"line":51,"column":1}},"line":39},"2":{"name":"redirect","decl":{"start":{"line":54,"column":16},"end":{"line":54,"column":24}},"loc":{"start":{"line":54,"column":27},"end":{"line":56,"column":1}},"line":54},"3":{"name":"Create","decl":{"start":{"line":59,"column":9},"end":{"line":59,"column":15}},"loc":{"start":{"line":59,"column":18},"end":{"line":61,"column":1}},"line":59}},"branchMap":{},"s":{"0":0,"1":0,"2":0,"3":0,"4":0,"5":0,"6":0,"7":0,"8":0,"9":0,"10":0,"11":0,"12":0,"13":0,"14":0,"15":0,"16":0,"17":0,"18":0,"19":0},"f":{"0":0,"1":0,"2":0,"3":0},"b":{}}
,"C:\\Users\\mukos\\Documents\\Robinhood\\src\\fundManager\\firebase-mocks.js": {"path":"C:\\Users\\mukos\\Documents\\Robinhood\\src\\fundManager\\firebase-mocks.js","statementMap":{"0":{"start":{"line":2,"column":31},"end":{"line":4,"column":3}},"1":{"start":{"line":6,"column":38},"end":{"line":11,"column":3}}},"fnMap":{},"branchMap":{},"s":{"0":0,"1":0},"f":{},"b":{}}
,"C:\\Users\\mukos\\Documents\\Robinhood\\src\\mocks\\firebase.js": {"path":"C:\\Users\\mukos\\Documents\\Robinhood\\src\\mocks\\firebase.js","statementMap":{"0":{"start":{"line":3,"column":29},"end":{"line":3,"column":38}},"1":{"start":{"line":4,"column":27},"end":{"line":4,"column":36}},"2":{"start":{"line":5,"column":19},"end":{"line":5,"column":28}},"3":{"start":{"line":6,"column":20},"end":{"line":6,"column":29}},"4":{"start":{"line":7,"column":19},"end":{"line":7,"column":28}}},"fnMap":{},"branchMap":{},"s":{"0":0,"1":0,"2":0,"3":0,"4":0},"f":{},"b":{}}
}
